{"/Users/danielsmac/Documents/Code Projects/Flint/src/background/background.ts": {"path":"/Users/danielsmac/Documents/Code Projects/Flint/src/background/background.ts","statementMap":{"0":{"start":{"line":7,"column":0},"end":{"line":9,"column":3}},"1":{"start":{"line":8,"column":2},"end":{"line":8,"column":43}},"2":{"start":{"line":12,"column":0},"end":{"line":16,"column":3}},"3":{"start":{"line":13,"column":2},"end":{"line":13,"column":55}},"4":{"start":{"line":14,"column":2},"end":{"line":14,"column":34}},"5":{"start":{"line":15,"column":2},"end":{"line":15,"column":14}}},"fnMap":{"0":{"name":"(anonymous_0)","decl":{"start":{"line":7,"column":39},"end":{"line":7,"column":42}},"loc":{"start":{"line":7,"column":44},"end":{"line":9,"column":1}}},"1":{"name":"(anonymous_1)","decl":{"start":{"line":12,"column":37},"end":{"line":12,"column":38}},"loc":{"start":{"line":12,"column":72},"end":{"line":16,"column":1}}}},"branchMap":{},"s":{"0":0,"1":0,"2":0,"3":0,"4":0,"5":0},"f":{"0":0,"1":0},"b":{}}
,"/Users/danielsmac/Documents/Code Projects/Flint/src/content/contentScript.ts": {"path":"/Users/danielsmac/Documents/Code Projects/Flint/src/content/contentScript.ts","statementMap":{"0":{"start":{"line":7,"column":0},"end":{"line":7,"column":43}},"1":{"start":{"line":10,"column":0},"end":{"line":14,"column":3}},"2":{"start":{"line":11,"column":2},"end":{"line":11,"column":59}},"3":{"start":{"line":12,"column":2},"end":{"line":12,"column":34}},"4":{"start":{"line":13,"column":2},"end":{"line":13,"column":14}}},"fnMap":{"0":{"name":"(anonymous_0)","decl":{"start":{"line":10,"column":37},"end":{"line":10,"column":38}},"loc":{"start":{"line":10,"column":72},"end":{"line":14,"column":1}}}},"branchMap":{},"s":{"0":0,"1":0,"2":0,"3":0,"4":0},"f":{"0":0},"b":{}}
,"/Users/danielsmac/Documents/Code Projects/Flint/src/panel/panel.tsx": {"path":"/Users/danielsmac/Documents/Code Projects/Flint/src/panel/panel.tsx","statementMap":{"0":{"start":{"line":9,"column":2},"end":{"line":46,"column":4}},"1":{"start":{"line":50,"column":13},"end":{"line":50,"column":44}},"2":{"start":{"line":51,"column":0},"end":{"line":57,"column":1}},"3":{"start":{"line":52,"column":2},"end":{"line":56,"column":4}}},"fnMap":{"0":{"name":"Panel","decl":{"start":{"line":8,"column":9},"end":{"line":8,"column":14}},"loc":{"start":{"line":8,"column":14},"end":{"line":47,"column":1}}}},"branchMap":{"0":{"loc":{"start":{"line":51,"column":0},"end":{"line":57,"column":1}},"type":"if","locations":[{"start":{"line":51,"column":0},"end":{"line":57,"column":1}},{"start":{},"end":{}}]}},"s":{"0":0,"1":0,"2":0,"3":0},"f":{"0":0},"b":{"0":[0,0]}}
,"/Users/danielsmac/Documents/Code Projects/Flint/src/services/storage.ts": {"path":"/Users/danielsmac/Documents/Code Projects/Flint/src/services/storage.ts","statementMap":{"0":{"start":{"line":24,"column":35},"end":{"line":34,"column":2}},"1":{"start":{"line":47,"column":4},"end":{"line":57,"column":5}},"2":{"start":{"line":48,"column":21},"end":{"line":48,"column":70}},"3":{"start":{"line":49,"column":6},"end":{"line":52,"column":7}},"4":{"start":{"line":51,"column":8},"end":{"line":51,"column":69}},"5":{"start":{"line":53,"column":6},"end":{"line":53,"column":30}},"6":{"start":{"line":55,"column":6},"end":{"line":55,"column":64}},"7":{"start":{"line":56,"column":6},"end":{"line":56,"column":30}},"8":{"start":{"line":66,"column":4},"end":{"line":75,"column":5}},"9":{"start":{"line":67,"column":6},"end":{"line":67,"column":72}},"10":{"start":{"line":69,"column":6},"end":{"line":69,"column":65}},"11":{"start":{"line":71,"column":6},"end":{"line":73,"column":7}},"12":{"start":{"line":72,"column":8},"end":{"line":72,"column":75}},"13":{"start":{"line":74,"column":6},"end":{"line":74,"column":18}},"14":{"start":{"line":84,"column":28},"end":{"line":84,"column":52}},"15":{"start":{"line":85,"column":24},"end":{"line":85,"column":58}},"16":{"start":{"line":86,"column":4},"end":{"line":86,"column":41}},"17":{"start":{"line":94,"column":4},"end":{"line":99,"column":5}},"18":{"start":{"line":95,"column":6},"end":{"line":95,"column":59}},"19":{"start":{"line":97,"column":6},"end":{"line":97,"column":66}},"20":{"start":{"line":98,"column":6},"end":{"line":98,"column":18}},"21":{"start":{"line":110,"column":21},"end":{"line":124,"column":5}},"22":{"start":{"line":114,"column":6},"end":{"line":123,"column":7}},"23":{"start":{"line":115,"column":23},"end":{"line":115,"column":49}},"24":{"start":{"line":116,"column":8},"end":{"line":116,"column":28}},"25":{"start":{"line":116,"column":21},"end":{"line":116,"column":28}},"26":{"start":{"line":118,"column":25},"end":{"line":118,"column":64}},"27":{"start":{"line":119,"column":25},"end":{"line":119,"column":64}},"28":{"start":{"line":120,"column":8},"end":{"line":122,"column":9}},"29":{"start":{"line":121,"column":10},"end":{"line":121,"column":39}},"30":{"start":{"line":126,"column":4},"end":{"line":126,"column":51}},"31":{"start":{"line":129,"column":4},"end":{"line":131,"column":6}},"32":{"start":{"line":130,"column":6},"end":{"line":130,"column":56}},"33":{"start":{"line":40,"column":26},"end":{"line":40,"column":null}}},"fnMap":{"0":{"name":"(anonymous_0)","decl":{"start":{"line":46,"column":2},"end":{"line":46,"column":8}},"loc":{"start":{"line":46,"column":26},"end":{"line":58,"column":3}}},"1":{"name":"(anonymous_1)","decl":{"start":{"line":65,"column":2},"end":{"line":65,"column":8}},"loc":{"start":{"line":65,"column":46},"end":{"line":76,"column":3}}},"2":{"name":"(anonymous_2)","decl":{"start":{"line":83,"column":2},"end":{"line":83,"column":8}},"loc":{"start":{"line":83,"column":56},"end":{"line":87,"column":3}}},"3":{"name":"(anonymous_3)","decl":{"start":{"line":93,"column":2},"end":{"line":93,"column":8}},"loc":{"start":{"line":93,"column":28},"end":{"line":100,"column":3}}},"4":{"name":"(anonymous_4)","decl":{"start":{"line":107,"column":2},"end":{"line":107,"column":8}},"loc":{"start":{"line":108,"column":68},"end":{"line":132,"column":3}}},"5":{"name":"(anonymous_5)","decl":{"start":{"line":110,"column":21},"end":{"line":110,"column":null}},"loc":{"start":{"line":113,"column":8},"end":{"line":124,"column":5}}},"6":{"name":"(anonymous_6)","decl":{"start":{"line":129,"column":11},"end":{"line":129,"column":14}},"loc":{"start":{"line":129,"column":16},"end":{"line":131,"column":5}}}},"branchMap":{"0":{"loc":{"start":{"line":49,"column":6},"end":{"line":52,"column":7}},"type":"if","locations":[{"start":{"line":49,"column":6},"end":{"line":52,"column":7}},{"start":{},"end":{}}]},"1":{"loc":{"start":{"line":71,"column":6},"end":{"line":73,"column":7}},"type":"if","locations":[{"start":{"line":71,"column":6},"end":{"line":73,"column":7}},{"start":{},"end":{}}]},"2":{"loc":{"start":{"line":71,"column":10},"end":{"line":71,"column":73}},"type":"binary-expr","locations":[{"start":{"line":71,"column":10},"end":{"line":71,"column":32}},{"start":{"line":71,"column":36},"end":{"line":71,"column":73}}]},"3":{"loc":{"start":{"line":114,"column":6},"end":{"line":123,"column":7}},"type":"if","locations":[{"start":{"line":114,"column":6},"end":{"line":123,"column":7}},{"start":{},"end":{}}]},"4":{"loc":{"start":{"line":114,"column":10},"end":{"line":114,"column":60}},"type":"binary-expr","locations":[{"start":{"line":114,"column":10},"end":{"line":114,"column":30}},{"start":{"line":114,"column":34},"end":{"line":114,"column":60}}]},"5":{"loc":{"start":{"line":116,"column":8},"end":{"line":116,"column":28}},"type":"if","locations":[{"start":{"line":116,"column":8},"end":{"line":116,"column":28}},{"start":{},"end":{}}]},"6":{"loc":{"start":{"line":120,"column":8},"end":{"line":122,"column":9}},"type":"if","locations":[{"start":{"line":120,"column":8},"end":{"line":122,"column":9}},{"start":{},"end":{}}]},"7":{"loc":{"start":{"line":120,"column":12},"end":{"line":120,"column":32}},"type":"binary-expr","locations":[{"start":{"line":120,"column":12},"end":{"line":120,"column":20}},{"start":{"line":120,"column":24},"end":{"line":120,"column":32}}]}},"s":{"0":1,"1":6,"2":6,"3":5,"4":4,"5":1,"6":1,"7":1,"8":5,"9":5,"10":2,"11":2,"12":1,"13":1,"14":2,"15":2,"16":2,"17":2,"18":2,"19":1,"20":1,"21":6,"22":5,"23":3,"24":3,"25":0,"26":3,"27":3,"28":3,"29":1,"30":6,"31":6,"32":1,"33":1},"f":{"0":6,"1":5,"2":2,"3":2,"4":6,"5":5,"6":1},"b":{"0":[4,1],"1":[1,1],"2":[2,2],"3":[3,2],"4":[5,4],"5":[0,3],"6":[1,2],"7":[3,2]}}
,"/Users/danielsmac/Documents/Code Projects/Flint/src/utils/dom.ts": {"path":"/Users/danielsmac/Documents/Code Projects/Flint/src/utils/dom.ts","statementMap":{"0":{"start":{"line":11,"column":2},"end":{"line":11,"column":29}},"1":{"start":{"line":11,"column":16},"end":{"line":11,"column":29}},"2":{"start":{"line":13,"column":18},"end":{"line":13,"column":47}},"3":{"start":{"line":14,"column":2},"end":{"line":14,"column":42}},"4":{"start":{"line":14,"column":30},"end":{"line":14,"column":42}},"5":{"start":{"line":15,"column":2},"end":{"line":18,"column":3}},"6":{"start":{"line":16,"column":23},"end":{"line":16,"column":56}},"7":{"start":{"line":17,"column":4},"end":{"line":17,"column":83}},"8":{"start":{"line":20,"column":2},"end":{"line":20,"column":60}},"9":{"start":{"line":28,"column":22},"end":{"line":28,"column":44}},"10":{"start":{"line":31,"column":2},"end":{"line":33,"column":3}},"11":{"start":{"line":32,"column":4},"end":{"line":32,"column":59}},"12":{"start":{"line":35,"column":2},"end":{"line":35,"column":23}},"13":{"start":{"line":44,"column":14},"end":{"line":44,"column":43}},"14":{"start":{"line":45,"column":2},"end":{"line":45,"column":25}},"15":{"start":{"line":46,"column":2},"end":{"line":46,"column":23}},"16":{"start":{"line":55,"column":14},"end":{"line":55,"column":43}},"17":{"start":{"line":56,"column":2},"end":{"line":56,"column":23}},"18":{"start":{"line":57,"column":2},"end":{"line":57,"column":31}},"19":{"start":{"line":66,"column":2},"end":{"line":66,"column":41}},"20":{"start":{"line":75,"column":15},"end":{"line":75,"column":46}},"21":{"start":{"line":76,"column":2},"end":{"line":81,"column":4}},"22":{"start":{"line":93,"column":2},"end":{"line":93,"column":34}},"23":{"start":{"line":102,"column":2},"end":{"line":102,"column":45}},"24":{"start":{"line":112,"column":2},"end":{"line":136,"column":5}},"25":{"start":{"line":113,"column":20},"end":{"line":113,"column":52}},"26":{"start":{"line":114,"column":4},"end":{"line":117,"column":5}},"27":{"start":{"line":115,"column":6},"end":{"line":115,"column":23}},"28":{"start":{"line":116,"column":6},"end":{"line":116,"column":13}},"29":{"start":{"line":119,"column":21},"end":{"line":125,"column":6}},"30":{"start":{"line":120,"column":22},"end":{"line":120,"column":54}},"31":{"start":{"line":121,"column":6},"end":{"line":124,"column":7}},"32":{"start":{"line":122,"column":8},"end":{"line":122,"column":30}},"33":{"start":{"line":123,"column":8},"end":{"line":123,"column":25}},"34":{"start":{"line":127,"column":4},"end":{"line":130,"column":7}},"35":{"start":{"line":132,"column":4},"end":{"line":135,"column":16}},"36":{"start":{"line":133,"column":6},"end":{"line":133,"column":28}},"37":{"start":{"line":134,"column":6},"end":{"line":134,"column":20}}},"fnMap":{"0":{"name":"isEditableElement","decl":{"start":{"line":10,"column":16},"end":{"line":10,"column":33}},"loc":{"start":{"line":10,"column":57},"end":{"line":21,"column":1}}},"1":{"name":"getActiveElement","decl":{"start":{"line":27,"column":16},"end":{"line":27,"column":32}},"loc":{"start":{"line":27,"column":32},"end":{"line":36,"column":1}}},"2":{"name":"escapeHtml","decl":{"start":{"line":43,"column":16},"end":{"line":43,"column":26}},"loc":{"start":{"line":43,"column":39},"end":{"line":47,"column":1}}},"3":{"name":"stripHtml","decl":{"start":{"line":54,"column":16},"end":{"line":54,"column":25}},"loc":{"start":{"line":54,"column":38},"end":{"line":58,"column":1}}},"4":{"name":"getElementPosition","decl":{"start":{"line":65,"column":16},"end":{"line":65,"column":34}},"loc":{"start":{"line":65,"column":51},"end":{"line":67,"column":1}}},"5":{"name":"isElementVisible","decl":{"start":{"line":74,"column":16},"end":{"line":74,"column":32}},"loc":{"start":{"line":74,"column":49},"end":{"line":82,"column":1}}},"6":{"name":"scrollToElement","decl":{"start":{"line":89,"column":16},"end":{"line":89,"column":31}},"loc":{"start":{"line":91,"column":74},"end":{"line":94,"column":1}}},"7":{"name":"createShadowRoot","decl":{"start":{"line":101,"column":16},"end":{"line":101,"column":32}},"loc":{"start":{"line":101,"column":50},"end":{"line":103,"column":1}}},"8":{"name":"waitForElement","decl":{"start":{"line":111,"column":16},"end":{"line":111,"column":30}},"loc":{"start":{"line":111,"column":63},"end":{"line":137,"column":1}}},"9":{"name":"(anonymous_9)","decl":{"start":{"line":112,"column":21},"end":{"line":112,"column":22}},"loc":{"start":{"line":112,"column":33},"end":{"line":136,"column":3}}},"10":{"name":"(anonymous_10)","decl":{"start":{"line":119,"column":42},"end":{"line":119,"column":45}},"loc":{"start":{"line":119,"column":47},"end":{"line":125,"column":5}}},"11":{"name":"(anonymous_11)","decl":{"start":{"line":132,"column":15},"end":{"line":132,"column":18}},"loc":{"start":{"line":132,"column":20},"end":{"line":135,"column":5}}}},"branchMap":{"0":{"loc":{"start":{"line":11,"column":2},"end":{"line":11,"column":29}},"type":"if","locations":[{"start":{"line":11,"column":2},"end":{"line":11,"column":29}},{"start":{},"end":{}}]},"1":{"loc":{"start":{"line":14,"column":2},"end":{"line":14,"column":42}},"type":"if","locations":[{"start":{"line":14,"column":2},"end":{"line":14,"column":42}},{"start":{},"end":{}}]},"2":{"loc":{"start":{"line":15,"column":2},"end":{"line":18,"column":3}},"type":"if","locations":[{"start":{"line":15,"column":2},"end":{"line":18,"column":3}},{"start":{},"end":{}}]},"3":{"loc":{"start":{"line":17,"column":11},"end":{"line":17,"column":82}},"type":"binary-expr","locations":[{"start":{"line":17,"column":11},"end":{"line":17,"column":31}},{"start":{"line":17,"column":35},"end":{"line":17,"column":56}},{"start":{"line":17,"column":60},"end":{"line":17,"column":82}}]},"4":{"loc":{"start":{"line":57,"column":9},"end":{"line":57,"column":30}},"type":"binary-expr","locations":[{"start":{"line":57,"column":9},"end":{"line":57,"column":24}},{"start":{"line":57,"column":28},"end":{"line":57,"column":30}}]},"5":{"loc":{"start":{"line":77,"column":4},"end":{"line":80,"column":77}},"type":"binary-expr","locations":[{"start":{"line":77,"column":4},"end":{"line":77,"column":17}},{"start":{"line":78,"column":4},"end":{"line":78,"column":18}},{"start":{"line":79,"column":4},"end":{"line":79,"column":80}},{"start":{"line":80,"column":4},"end":{"line":80,"column":77}}]},"6":{"loc":{"start":{"line":79,"column":20},"end":{"line":79,"column":79}},"type":"binary-expr","locations":[{"start":{"line":79,"column":20},"end":{"line":79,"column":38}},{"start":{"line":79,"column":42},"end":{"line":79,"column":79}}]},"7":{"loc":{"start":{"line":80,"column":19},"end":{"line":80,"column":76}},"type":"binary-expr","locations":[{"start":{"line":80,"column":19},"end":{"line":80,"column":36}},{"start":{"line":80,"column":40},"end":{"line":80,"column":76}}]},"8":{"loc":{"start":{"line":91,"column":2},"end":{"line":91,"column":74}},"type":"default-arg","locations":[{"start":{"line":91,"column":35},"end":{"line":91,"column":74}}]},"9":{"loc":{"start":{"line":111,"column":49},"end":{"line":111,"column":63}},"type":"default-arg","locations":[{"start":{"line":111,"column":59},"end":{"line":111,"column":63}}]},"10":{"loc":{"start":{"line":114,"column":4},"end":{"line":117,"column":5}},"type":"if","locations":[{"start":{"line":114,"column":4},"end":{"line":117,"column":5}},{"start":{},"end":{}}]},"11":{"loc":{"start":{"line":121,"column":6},"end":{"line":124,"column":7}},"type":"if","locations":[{"start":{"line":121,"column":6},"end":{"line":124,"column":7}},{"start":{},"end":{}}]}},"s":{"0":0,"1":0,"2":0,"3":0,"4":0,"5":0,"6":0,"7":0,"8":0,"9":0,"10":0,"11":0,"12":0,"13":0,"14":0,"15":0,"16":0,"17":0,"18":0,"19":0,"20":0,"21":0,"22":0,"23":0,"24":0,"25":0,"26":0,"27":0,"28":0,"29":0,"30":0,"31":0,"32":0,"33":0,"34":0,"35":0,"36":0,"37":0},"f":{"0":0,"1":0,"2":0,"3":0,"4":0,"5":0,"6":0,"7":0,"8":0,"9":0,"10":0,"11":0},"b":{"0":[0,0],"1":[0,0],"2":[0,0],"3":[0,0,0],"4":[0,0],"5":[0,0,0,0],"6":[0,0],"7":[0,0],"8":[0],"9":[0],"10":[0,0],"11":[0,0]}}
,"/Users/danielsmac/Documents/Code Projects/Flint/src/utils/id.ts": {"path":"/Users/danielsmac/Documents/Code Projects/Flint/src/utils/id.ts","statementMap":{"0":{"start":{"line":10,"column":2},"end":{"line":10,"column":29}},"1":{"start":{"line":19,"column":2},"end":{"line":19,"column":49}},"2":{"start":{"line":30,"column":2},"end":{"line":30,"column":44}}},"fnMap":{"0":{"name":"generateId","decl":{"start":{"line":9,"column":16},"end":{"line":9,"column":26}},"loc":{"start":{"line":9,"column":26},"end":{"line":11,"column":1}}},"1":{"name":"generateShortId","decl":{"start":{"line":18,"column":16},"end":{"line":18,"column":31}},"loc":{"start":{"line":18,"column":31},"end":{"line":20,"column":1}}},"2":{"name":"generatePrefixedId","decl":{"start":{"line":29,"column":16},"end":{"line":29,"column":34}},"loc":{"start":{"line":29,"column":49},"end":{"line":31,"column":1}}}},"branchMap":{"0":{"loc":{"start":{"line":19,"column":9},"end":{"line":19,"column":48}},"type":"binary-expr","locations":[{"start":{"line":19,"column":9},"end":{"line":19,"column":42}},{"start":{"line":19,"column":46},"end":{"line":19,"column":48}}]}},"s":{"0":0,"1":0,"2":0},"f":{"0":0,"1":0,"2":0},"b":{"0":[0,0]}}
,"/Users/danielsmac/Documents/Code Projects/Flint/src/utils/throttle.ts": {"path":"/Users/danielsmac/Documents/Code Projects/Flint/src/utils/throttle.ts","statementMap":{"0":{"start":{"line":21,"column":2},"end":{"line":30,"column":4}},"1":{"start":{"line":22,"column":4},"end":{"line":28,"column":5}},"2":{"start":{"line":23,"column":6},"end":{"line":23,"column":42}},"3":{"start":{"line":24,"column":6},"end":{"line":24,"column":24}},"4":{"start":{"line":25,"column":6},"end":{"line":27,"column":16}},"5":{"start":{"line":26,"column":8},"end":{"line":26,"column":27}},"6":{"start":{"line":29,"column":4},"end":{"line":29,"column":22}},"7":{"start":{"line":47,"column":56},"end":{"line":47,"column":60}},"8":{"start":{"line":49,"column":2},"end":{"line":58,"column":4}},"9":{"start":{"line":50,"column":4},"end":{"line":52,"column":5}},"10":{"start":{"line":51,"column":6},"end":{"line":51,"column":30}},"11":{"start":{"line":54,"column":4},"end":{"line":57,"column":14}},"12":{"start":{"line":55,"column":6},"end":{"line":55,"column":29}},"13":{"start":{"line":56,"column":6},"end":{"line":56,"column":23}},"14":{"start":{"line":74,"column":15},"end":{"line":74,"column":20}},"15":{"start":{"line":77,"column":2},"end":{"line":83,"column":4}},"16":{"start":{"line":78,"column":4},"end":{"line":81,"column":5}},"17":{"start":{"line":79,"column":6},"end":{"line":79,"column":20}},"18":{"start":{"line":80,"column":6},"end":{"line":80,"column":55}},"19":{"start":{"line":82,"column":4},"end":{"line":82,"column":18}}},"fnMap":{"0":{"name":"throttle","decl":{"start":{"line":14,"column":16},"end":{"line":14,"column":24}},"loc":{"start":{"line":16,"column":15},"end":{"line":31,"column":1}}},"1":{"name":"(anonymous_1)","decl":{"start":{"line":21,"column":9},"end":{"line":21,"column":34}},"loc":{"start":{"line":21,"column":56},"end":{"line":30,"column":3}}},"2":{"name":"(anonymous_2)","decl":{"start":{"line":25,"column":17},"end":{"line":25,"column":20}},"loc":{"start":{"line":25,"column":22},"end":{"line":27,"column":7}}},"3":{"name":"debounce","decl":{"start":{"line":43,"column":16},"end":{"line":43,"column":24}},"loc":{"start":{"line":45,"column":15},"end":{"line":59,"column":1}}},"4":{"name":"(anonymous_4)","decl":{"start":{"line":49,"column":9},"end":{"line":49,"column":34}},"loc":{"start":{"line":49,"column":56},"end":{"line":58,"column":3}}},"5":{"name":"(anonymous_5)","decl":{"start":{"line":54,"column":27},"end":{"line":54,"column":30}},"loc":{"start":{"line":54,"column":32},"end":{"line":57,"column":5}}},"6":{"name":"once","decl":{"start":{"line":71,"column":16},"end":{"line":71,"column":20}},"loc":{"start":{"line":72,"column":9},"end":{"line":84,"column":1}}},"7":{"name":"(anonymous_7)","decl":{"start":{"line":77,"column":9},"end":{"line":77,"column":34}},"loc":{"start":{"line":77,"column":56},"end":{"line":83,"column":3}}}},"branchMap":{"0":{"loc":{"start":{"line":22,"column":4},"end":{"line":28,"column":5}},"type":"if","locations":[{"start":{"line":22,"column":4},"end":{"line":28,"column":5}},{"start":{},"end":{}}]},"1":{"loc":{"start":{"line":50,"column":4},"end":{"line":52,"column":5}},"type":"if","locations":[{"start":{"line":50,"column":4},"end":{"line":52,"column":5}},{"start":{},"end":{}}]},"2":{"loc":{"start":{"line":78,"column":4},"end":{"line":81,"column":5}},"type":"if","locations":[{"start":{"line":78,"column":4},"end":{"line":81,"column":5}},{"start":{},"end":{}}]}},"s":{"0":0,"1":0,"2":0,"3":0,"4":0,"5":0,"6":0,"7":0,"8":0,"9":0,"10":0,"11":0,"12":0,"13":0,"14":0,"15":0,"16":0,"17":0,"18":0,"19":0},"f":{"0":0,"1":0,"2":0,"3":0,"4":0,"5":0,"6":0,"7":0},"b":{"0":[0,0],"1":[0,0],"2":[0,0]}}
}
