TN:
SF:src/background/background.ts
FN:7,(anonymous_0)
FN:12,(anonymous_1)
FNF:2
FNH:0
FNDA:0,(anonymous_0)
FNDA:0,(anonymous_1)
DA:7,0
DA:8,0
DA:12,0
DA:13,0
DA:14,0
DA:15,0
LF:6
LH:0
BRF:0
BRH:0
end_of_record
TN:
SF:src/content/contentScript.ts
FN:10,(anonymous_0)
FNF:1
FNH:0
FNDA:0,(anonymous_0)
DA:7,0
DA:10,0
DA:11,0
DA:12,0
DA:13,0
LF:5
LH:0
BRF:0
BRH:0
end_of_record
TN:
SF:src/panel/panel.tsx
FN:8,Panel
FNF:1
FNH:0
FNDA:0,Panel
DA:9,0
DA:50,0
DA:51,0
DA:52,0
LF:4
LH:0
BRDA:51,0,0,0
BRDA:51,0,1,0
BRF:2
BRH:0
end_of_record
TN:
SF:src/services/storage.ts
FN:46,(anonymous_0)
FN:65,(anonymous_1)
FN:83,(anonymous_2)
FN:93,(anonymous_3)
FN:107,(anonymous_4)
FN:110,(anonymous_5)
FN:129,(anonymous_6)
FNF:7
FNH:7
FNDA:6,(anonymous_0)
FNDA:5,(anonymous_1)
FNDA:2,(anonymous_2)
FNDA:2,(anonymous_3)
FNDA:6,(anonymous_4)
FNDA:5,(anonymous_5)
FNDA:1,(anonymous_6)
DA:24,1
DA:40,1
DA:47,6
DA:48,6
DA:49,5
DA:51,4
DA:53,1
DA:55,1
DA:56,1
DA:66,5
DA:67,5
DA:69,2
DA:71,2
DA:72,1
DA:74,1
DA:84,2
DA:85,2
DA:86,2
DA:94,2
DA:95,2
DA:97,1
DA:98,1
DA:110,6
DA:114,5
DA:115,3
DA:116,3
DA:118,3
DA:119,3
DA:120,3
DA:121,1
DA:126,6
DA:129,6
DA:130,1
LF:33
LH:33
BRDA:49,0,0,4
BRDA:49,0,1,1
BRDA:71,1,0,1
BRDA:71,1,1,1
BRDA:71,2,0,2
BRDA:71,2,1,2
BRDA:114,3,0,3
BRDA:114,3,1,2
BRDA:114,4,0,5
BRDA:114,4,1,4
BRDA:116,5,0,0
BRDA:116,5,1,3
BRDA:120,6,0,1
BRDA:120,6,1,2
BRDA:120,7,0,3
BRDA:120,7,1,2
BRF:16
BRH:15
end_of_record
TN:
SF:src/utils/dom.ts
FN:10,isEditableElement
FN:27,getActiveElement
FN:43,escapeHtml
FN:54,stripHtml
FN:65,getElementPosition
FN:74,isElementVisible
FN:89,scrollToElement
FN:101,createShadowRoot
FN:111,waitForElement
FN:112,(anonymous_9)
FN:119,(anonymous_10)
FN:132,(anonymous_11)
FNF:12
FNH:0
FNDA:0,isEditableElement
FNDA:0,getActiveElement
FNDA:0,escapeHtml
FNDA:0,stripHtml
FNDA:0,getElementPosition
FNDA:0,isElementVisible
FNDA:0,scrollToElement
FNDA:0,createShadowRoot
FNDA:0,waitForElement
FNDA:0,(anonymous_9)
FNDA:0,(anonymous_10)
FNDA:0,(anonymous_11)
DA:11,0
DA:13,0
DA:14,0
DA:15,0
DA:16,0
DA:17,0
DA:20,0
DA:28,0
DA:31,0
DA:32,0
DA:35,0
DA:44,0
DA:45,0
DA:46,0
DA:55,0
DA:56,0
DA:57,0
DA:66,0
DA:75,0
DA:76,0
DA:93,0
DA:102,0
DA:112,0
DA:113,0
DA:114,0
DA:115,0
DA:116,0
DA:119,0
DA:120,0
DA:121,0
DA:122,0
DA:123,0
DA:127,0
DA:132,0
DA:133,0
DA:134,0
LF:36
LH:0
BRDA:11,0,0,0
BRDA:11,0,1,0
BRDA:14,1,0,0
BRDA:14,1,1,0
BRDA:15,2,0,0
BRDA:15,2,1,0
BRDA:17,3,0,0
BRDA:17,3,1,0
BRDA:17,3,2,0
BRDA:57,4,0,0
BRDA:57,4,1,0
BRDA:77,5,0,0
BRDA:77,5,1,0
BRDA:77,5,2,0
BRDA:77,5,3,0
BRDA:79,6,0,0
BRDA:79,6,1,0
BRDA:80,7,0,0
BRDA:80,7,1,0
BRDA:91,8,0,0
BRDA:111,9,0,0
BRDA:114,10,0,0
BRDA:114,10,1,0
BRDA:121,11,0,0
BRDA:121,11,1,0
BRF:25
BRH:0
end_of_record
TN:
SF:src/utils/id.ts
FN:9,generateId
FN:18,generateShortId
FN:29,generatePrefixedId
FNF:3
FNH:0
FNDA:0,generateId
FNDA:0,generateShortId
FNDA:0,generatePrefixedId
DA:10,0
DA:19,0
DA:30,0
LF:3
LH:0
BRDA:19,0,0,0
BRDA:19,0,1,0
BRF:2
BRH:0
end_of_record
TN:
SF:src/utils/throttle.ts
FN:14,throttle
FN:21,(anonymous_1)
FN:25,(anonymous_2)
FN:43,debounce
FN:49,(anonymous_4)
FN:54,(anonymous_5)
FN:71,once
FN:77,(anonymous_7)
FNF:8
FNH:0
FNDA:0,throttle
FNDA:0,(anonymous_1)
FNDA:0,(anonymous_2)
FNDA:0,debounce
FNDA:0,(anonymous_4)
FNDA:0,(anonymous_5)
FNDA:0,once
FNDA:0,(anonymous_7)
DA:21,0
DA:22,0
DA:23,0
DA:24,0
DA:25,0
DA:26,0
DA:29,0
DA:47,0
DA:49,0
DA:50,0
DA:51,0
DA:54,0
DA:55,0
DA:56,0
DA:74,0
DA:77,0
DA:78,0
DA:79,0
DA:80,0
DA:82,0
LF:20
LH:0
BRDA:22,0,0,0
BRDA:22,0,1,0
BRDA:50,1,0,0
BRDA:50,1,1,0
BRDA:78,2,0,0
BRDA:78,2,1,0
BRF:6
BRH:0
end_of_record
